0 info it worked if it ends with ok
1 verbose cli [ 'c:\\Program Files\\nodejs\\\\node.exe',
1 verbose cli   'c:\\Program Files\\nodejs\\node_modules\\npm\\bin\\npm-cli.js',
1 verbose cli   'install',
1 verbose cli   'docpad-plugin-marker@2',
1 verbose cli   '--save' ]
2 info using npm@1.4.3
3 info using node@v0.10.26
4 verbose node symlink c:\Program Files\nodejs\\node.exe
5 verbose readDependencies using package.json deps
6 verbose cache add [ 'docpad-plugin-marker@2', null ]
7 verbose cache add name=undefined spec="docpad-plugin-marker@2" args=["docpad-plugin-marker@2",null]
8 verbose parsed url { protocol: null,
8 verbose parsed url   slashes: null,
8 verbose parsed url   auth: null,
8 verbose parsed url   host: null,
8 verbose parsed url   port: null,
8 verbose parsed url   hostname: null,
8 verbose parsed url   hash: null,
8 verbose parsed url   search: null,
8 verbose parsed url   query: null,
8 verbose parsed url   pathname: 'docpad-plugin-marker@2',
8 verbose parsed url   path: 'docpad-plugin-marker@2',
8 verbose parsed url   href: 'docpad-plugin-marker@2' }
9 verbose cache add name="docpad-plugin-marker" spec="2" args=["docpad-plugin-marker","2"]
10 verbose parsed url { protocol: null,
10 verbose parsed url   slashes: null,
10 verbose parsed url   auth: null,
10 verbose parsed url   host: null,
10 verbose parsed url   port: null,
10 verbose parsed url   hostname: null,
10 verbose parsed url   hash: null,
10 verbose parsed url   search: null,
10 verbose parsed url   query: null,
10 verbose parsed url   pathname: '2',
10 verbose parsed url   path: '2',
10 verbose parsed url   href: '2' }
11 verbose addNamed [ 'docpad-plugin-marker', '2' ]
12 verbose addNamed [ null, '>=2.0.0-0 <3.0.0-0' ]
13 silly lockFile 67cbd139-docpad-plugin-marker-2 docpad-plugin-marker@2
14 verbose lock docpad-plugin-marker@2 h:\AppData\Roaming\npm-cache\67cbd139-docpad-plugin-marker-2.lock
15 silly addNameRange { name: 'docpad-plugin-marker',
15 silly addNameRange   range: '>=2.0.0-0 <3.0.0-0',
15 silly addNameRange   hasData: false }
16 verbose url raw docpad-plugin-marker
17 verbose url resolving [ 'https://registry.npmjs.org/', './docpad-plugin-marker' ]
18 verbose url resolved https://registry.npmjs.org/docpad-plugin-marker
19 info trying registry request attempt 1 at 16:30:00
20 http GET https://registry.npmjs.org/docpad-plugin-marker
21 http 404 https://registry.npmjs.org/docpad-plugin-marker
22 silly registry.get cb [ 404,
22 silly registry.get   { date: 'Mon, 28 Apr 2014 20:30:00 GMT',
22 silly registry.get     server: 'CouchDB/1.5.0 (Erlang OTP/R14B04)',
22 silly registry.get     'content-type': 'application/json',
22 silly registry.get     via: '1.1 varnish',
22 silly registry.get     'cache-control': 'max-age=0',
22 silly registry.get     'content-length': '52',
22 silly registry.get     'accept-ranges': 'bytes',
22 silly registry.get     age: '0',
22 silly registry.get     'x-served-by': 'cache-v44-ASH, cache-jfk1031-JFK',
22 silly registry.get     'x-cache': 'MISS, MISS',
22 silly registry.get     'x-cache-hits': '0, 0',
22 silly registry.get     'x-timer': 'S1398717000.886252880,VS0,VS5,VE89,VE91',
22 silly registry.get     'keep-alive': 'timeout=10, max=50',
22 silly registry.get     connection: 'Keep-Alive' } ]
23 silly lockFile 67cbd139-docpad-plugin-marker-2 docpad-plugin-marker@2
24 silly lockFile 67cbd139-docpad-plugin-marker-2 docpad-plugin-marker@2
25 error 404 'docpad-plugin-marker' is not in the npm registry.
25 error 404 You should bug the author to publish it
25 error 404 It was specified as a dependency of 'twitter-bootstrap.docpad'
25 error 404
25 error 404 Note that you can also install from a
25 error 404 tarball, folder, or http url, or git url.
26 error System Windows_NT 6.1.7601
27 error command "c:\\Program Files\\nodejs\\\\node.exe" "c:\\Program Files\\nodejs\\node_modules\\npm\\bin\\npm-cli.js" "install" "docpad-plugin-marker@2" "--save"
28 error cwd C:\Projects\DocPad\DocPadAzureDemo
29 error node -v v0.10.26
30 error npm -v 1.4.3
31 error code E404
32 verbose exit [ 1, true ]
